<?xml version="1.0" encoding="UTF-8"?>
<testng-results skipped="0" failed="0" ignored="0" total="1" passed="1">
  <reporter-output>
  </reporter-output>
  <suite name="Default suite" duration-ms="13612" started-at="2021-08-31T16:20:32Z" finished-at="2021-08-31T16:20:45Z">
    <groups>
    </groups>
    <test name="Default test" duration-ms="13612" started-at="2021-08-31T16:20:32Z" finished-at="2021-08-31T16:20:45Z">
      <class name="pomPracticeAll.PomPracticeAllTestVanu">
        <test-method status="PASS" signature="testPractice()[pri:0, instance:pomPracticeAll.PomPracticeAllTestVanu@3fee9989]" name="testPractice" duration-ms="13539" started-at="2021-08-31T16:20:32Z" finished-at="2021-08-31T16:20:45Z">
          <reporter-output>
          </reporter-output>
        </test-method> <!-- testPractice -->
      </class> <!-- pomPracticeAll.PomPracticeAllTestVanu -->
    </test> <!-- Default test -->
  </suite> <!-- Default suite -->
</testng-results>
